[2019-09-02 17:47:15,761] liutao/INFO/locust.main: Starting web monitor at *:8089
[2019-09-02 17:47:15,761] liutao/INFO/locust.main: Starting Locust 0.11.0
[2019-09-02 17:48:10,429] liutao/INFO/locust.runners: Hatching and swarming 10 clients at the rate 1 clients/s...
[2019-09-02 17:48:10,435] liutao/DEBUG/urllib3.connectionpool: Starting new HTTP connection (1): example.com:80
[2019-09-02 17:48:10,770] liutao/DEBUG/urllib3.connectionpool: http://example.com:80 "POST /login HTTP/1.1" 404 445
[2019-09-02 17:48:10,940] liutao/DEBUG/urllib3.connectionpool: http://example.com:80 "GET / HTTP/1.1" 200 606
[2019-09-02 17:48:11,431] liutao/DEBUG/urllib3.connectionpool: Starting new HTTP connection (1): example.com:80
[2019-09-02 17:48:11,748] liutao/DEBUG/urllib3.connectionpool: http://example.com:80 "POST /login HTTP/1.1" 404 445
[2019-09-02 17:48:11,906] liutao/DEBUG/urllib3.connectionpool: http://example.com:80 "GET /profile HTTP/1.1" 404 606
[2019-09-02 17:48:12,432] liutao/DEBUG/urllib3.connectionpool: Starting new HTTP connection (1): example.com:80
[2019-09-02 17:48:12,767] liutao/DEBUG/urllib3.connectionpool: http://example.com:80 "POST /login HTTP/1.1" 404 445
[2019-09-02 17:48:12,933] liutao/DEBUG/urllib3.connectionpool: http://example.com:80 "GET / HTTP/1.1" 200 606
[2019-09-02 17:48:13,432] liutao/DEBUG/urllib3.connectionpool: Starting new HTTP connection (1): example.com:80
[2019-09-02 17:48:13,750] liutao/DEBUG/urllib3.connectionpool: http://example.com:80 "POST /login HTTP/1.1" 404 445
[2019-09-02 17:48:13,906] liutao/DEBUG/urllib3.connectionpool: http://example.com:80 "GET / HTTP/1.1" 200 606
[2019-09-02 17:48:14,437] liutao/DEBUG/urllib3.connectionpool: Starting new HTTP connection (1): example.com:80
[2019-09-02 17:48:14,753] liutao/DEBUG/urllib3.connectionpool: http://example.com:80 "POST /login HTTP/1.1" 404 445
[2019-09-02 17:48:14,914] liutao/DEBUG/urllib3.connectionpool: http://example.com:80 "GET /profile HTTP/1.1" 404 606
[2019-09-02 17:48:15,433] liutao/DEBUG/urllib3.connectionpool: Starting new HTTP connection (1): example.com:80
[2019-09-02 17:48:15,861] liutao/DEBUG/urllib3.connectionpool: http://example.com:80 "POST /login HTTP/1.1" 404 445
[2019-09-02 17:48:16,079] liutao/DEBUG/urllib3.connectionpool: http://example.com:80 "GET / HTTP/1.1" 200 606
[2019-09-02 17:48:16,435] liutao/DEBUG/urllib3.connectionpool: Starting new HTTP connection (1): example.com:80
[2019-09-02 17:48:16,860] liutao/DEBUG/urllib3.connectionpool: http://example.com:80 "POST /login HTTP/1.1" 404 445
[2019-09-02 17:48:17,080] liutao/DEBUG/urllib3.connectionpool: http://example.com:80 "GET /profile HTTP/1.1" 404 606
[2019-09-02 17:48:17,435] liutao/DEBUG/urllib3.connectionpool: Starting new HTTP connection (1): example.com:80
[2019-09-02 17:48:17,764] liutao/DEBUG/urllib3.connectionpool: http://example.com:80 "POST /login HTTP/1.1" 404 445
[2019-09-02 17:48:17,929] liutao/DEBUG/urllib3.connectionpool: http://example.com:80 "GET /profile HTTP/1.1" 404 606
[2019-09-02 17:48:18,437] liutao/DEBUG/urllib3.connectionpool: Starting new HTTP connection (1): example.com:80
[2019-09-02 17:48:19,434] liutao/DEBUG/locust.runners: 10 locusts hatched
[2019-09-02 17:48:19,435] liutao/DEBUG/urllib3.connectionpool: Starting new HTTP connection (1): example.com:80
[2019-09-02 17:48:19,571] liutao/DEBUG/urllib3.connectionpool: http://example.com:80 "GET / HTTP/1.1" 200 606
[2019-09-02 17:48:19,665] liutao/DEBUG/urllib3.connectionpool: http://example.com:80 "GET / HTTP/1.1" 200 606
[2019-09-02 17:48:19,866] liutao/DEBUG/urllib3.connectionpool: http://example.com:80 "POST /login HTTP/1.1" 404 445
[2019-09-02 17:48:20,086] liutao/DEBUG/urllib3.connectionpool: http://example.com:80 "GET /profile HTTP/1.1" 404 606
[2019-09-02 17:48:20,383] liutao/DEBUG/urllib3.connectionpool: http://example.com:80 "GET / HTTP/1.1" 200 606
[2019-09-02 17:48:20,435] liutao/INFO/locust.runners: All locusts hatched: WebsiteUser: 10
[2019-09-02 17:48:21,305] liutao/DEBUG/urllib3.connectionpool: http://example.com:80 "GET / HTTP/1.1" 200 606
[2019-09-02 17:48:21,967] liutao/DEBUG/urllib3.connectionpool: http://example.com:80 "GET /profile HTTP/1.1" 404 606
[2019-09-02 17:48:23,376] liutao/DEBUG/urllib3.connectionpool: http://example.com:80 "GET / HTTP/1.1" 200 606
[2019-09-02 17:48:24,809] liutao/DEBUG/urllib3.connectionpool: http://example.com:80 "GET / HTTP/1.1" 200 606
[2019-09-02 17:48:25,449] liutao/DEBUG/urllib3.connectionpool: http://example.com:80 "GET / HTTP/1.1" 200 606
[2019-09-02 17:48:26,452] liutao/DEBUG/urllib3.connectionpool: http://example.com:80 "GET / HTTP/1.1" 200 606
[2019-09-02 17:48:26,688] liutao/DEBUG/urllib3.connectionpool: http://example.com:80 "GET / HTTP/1.1" 200 606
[2019-09-02 17:48:26,779] liutao/DEBUG/urllib3.connectionpool: http://example.com:80 "GET /profile HTTP/1.1" 404 606
[2019-09-02 17:48:27,237] liutao/DEBUG/urllib3.connectionpool: http://example.com:80 "GET / HTTP/1.1" 200 606
[2019-09-02 17:48:28,231] liutao/DEBUG/urllib3.connectionpool: http://example.com:80 "GET / HTTP/1.1" 200 606
[2019-09-02 17:48:28,709] liutao/DEBUG/urllib3.connectionpool: http://example.com:80 "GET / HTTP/1.1" 200 606
[2019-09-02 17:48:29,911] liutao/DEBUG/urllib3.connectionpool: http://example.com:80 "GET / HTTP/1.1" 200 606
[2019-09-02 17:48:32,265] liutao/DEBUG/urllib3.connectionpool: http://example.com:80 "GET /profile HTTP/1.1" 404 606
[2019-09-02 17:48:33,405] liutao/DEBUG/urllib3.connectionpool: http://example.com:80 "GET / HTTP/1.1" 200 606
[2019-09-02 17:48:33,757] liutao/DEBUG/urllib3.connectionpool: http://example.com:80 "POST /login HTTP/1.1" 404 445
[2019-09-02 17:48:33,870] liutao/DEBUG/urllib3.connectionpool: http://example.com:80 "GET / HTTP/1.1" 200 606
[2019-09-02 17:48:33,916] liutao/DEBUG/urllib3.connectionpool: http://example.com:80 "GET / HTTP/1.1" 200 606
[2019-09-02 17:48:34,577] liutao/DEBUG/urllib3.connectionpool: http://example.com:80 "GET / HTTP/1.1" 200 606
[2019-09-02 17:48:35,097] liutao/DEBUG/urllib3.connectionpool: http://example.com:80 "GET /profile HTTP/1.1" 404 606
[2019-09-02 17:48:35,879] liutao/DEBUG/urllib3.connectionpool: http://example.com:80 "GET / HTTP/1.1" 200 606
[2019-09-02 17:48:36,344] liutao/DEBUG/urllib3.connectionpool: http://example.com:80 "GET / HTTP/1.1" 200 606
[2019-09-02 17:48:37,309] liutao/DEBUG/urllib3.connectionpool: http://example.com:80 "GET /profile HTTP/1.1" 404 606
[2019-09-02 17:48:39,126] liutao/DEBUG/urllib3.connectionpool: http://example.com:80 "GET / HTTP/1.1" 200 606
[2019-09-02 17:48:39,285] liutao/DEBUG/urllib3.connectionpool: http://example.com:80 "GET / HTTP/1.1" 200 606
[2019-09-02 17:48:39,330] liutao/DEBUG/urllib3.connectionpool: http://example.com:80 "GET /profile HTTP/1.1" 404 606
[2019-09-02 17:48:40,239] liutao/DEBUG/urllib3.connectionpool: http://example.com:80 "GET /profile HTTP/1.1" 404 606
[2019-09-02 17:48:40,422] liutao/DEBUG/urllib3.connectionpool: http://example.com:80 "GET /profile HTTP/1.1" 404 606
[2019-09-02 17:48:40,548] liutao/DEBUG/urllib3.connectionpool: http://example.com:80 "GET /profile HTTP/1.1" 404 606
[2019-09-02 17:48:40,696] liutao/DEBUG/urllib3.connectionpool: http://example.com:80 "GET / HTTP/1.1" 200 606
[2019-09-02 17:48:41,734] liutao/DEBUG/urllib3.connectionpool: http://example.com:80 "GET /profile HTTP/1.1" 404 606
[2019-09-02 17:48:42,008] liutao/DEBUG/urllib3.connectionpool: http://example.com:80 "GET / HTTP/1.1" 200 606
[2019-09-02 17:48:44,580] liutao/DEBUG/urllib3.connectionpool: http://example.com:80 "GET / HTTP/1.1" 200 606
[2019-09-02 17:48:45,877] liutao/DEBUG/urllib3.connectionpool: http://example.com:80 "GET / HTTP/1.1" 200 606
[2019-09-02 17:48:46,407] liutao/DEBUG/urllib3.connectionpool: http://example.com:80 "GET /profile HTTP/1.1" 404 606
[2019-09-02 17:48:47,670] liutao/DEBUG/urllib3.connectionpool: http://example.com:80 "GET / HTTP/1.1" 200 606
[2019-09-02 17:48:48,202] liutao/DEBUG/urllib3.connectionpool: http://example.com:80 "GET /profile HTTP/1.1" 404 606
[2019-09-02 17:48:48,447] liutao/DEBUG/urllib3.connectionpool: http://example.com:80 "GET / HTTP/1.1" 200 606
[2019-09-02 17:48:49,303] liutao/DEBUG/urllib3.connectionpool: http://example.com:80 "GET /profile HTTP/1.1" 404 606
[2019-09-02 17:48:49,309] liutao/DEBUG/urllib3.connectionpool: http://example.com:80 "GET / HTTP/1.1" 200 606
[2019-09-02 17:48:49,793] liutao/DEBUG/urllib3.connectionpool: http://example.com:80 "GET /profile HTTP/1.1" 404 606
[2019-09-02 17:48:50,377] liutao/DEBUG/urllib3.connectionpool: http://example.com:80 "GET / HTTP/1.1" 200 606
[2019-09-02 17:48:51,877] liutao/DEBUG/urllib3.connectionpool: http://example.com:80 "GET / HTTP/1.1" 200 606
[2019-09-02 17:48:53,545] liutao/DEBUG/urllib3.connectionpool: http://example.com:80 "GET / HTTP/1.1" 200 606
[2019-09-02 17:48:53,979] liutao/DEBUG/urllib3.connectionpool: http://example.com:80 "GET /profile HTTP/1.1" 404 606
[2019-09-02 17:48:55,119] liutao/DEBUG/urllib3.connectionpool: http://example.com:80 "GET / HTTP/1.1" 200 606
[2019-09-02 17:48:55,548] liutao/DEBUG/urllib3.connectionpool: http://example.com:80 "GET /profile HTTP/1.1" 404 606
[2019-09-02 17:48:55,697] liutao/DEBUG/urllib3.connectionpool: http://example.com:80 "GET / HTTP/1.1" 200 606
[2019-09-02 17:48:56,217] liutao/DEBUG/urllib3.connectionpool: http://example.com:80 "GET / HTTP/1.1" 200 606
[2019-09-02 17:48:57,621] liutao/DEBUG/urllib3.connectionpool: http://example.com:80 "GET /profile HTTP/1.1" 404 606
[2019-09-02 17:48:57,862] liutao/DEBUG/urllib3.connectionpool: http://example.com:80 "GET / HTTP/1.1" 200 606
[2019-09-02 17:48:58,931] liutao/DEBUG/urllib3.connectionpool: http://example.com:80 "GET / HTTP/1.1" 200 606
[2019-09-02 17:48:59,105] liutao/DEBUG/urllib3.connectionpool: http://example.com:80 "GET /profile HTTP/1.1" 404 606
[2019-09-02 17:49:01,450] liutao/DEBUG/urllib3.connectionpool: http://example.com:80 "GET /profile HTTP/1.1" 404 606
[2019-09-02 17:49:02,021] liutao/DEBUG/urllib3.connectionpool: http://example.com:80 "GET / HTTP/1.1" 200 606
[2019-09-02 17:49:02,034] liutao/DEBUG/urllib3.connectionpool: http://example.com:80 "GET / HTTP/1.1" 200 606
[2019-09-02 17:49:02,172] liutao/DEBUG/urllib3.connectionpool: http://example.com:80 "GET / HTTP/1.1" 200 606
[2019-09-02 17:49:03,181] liutao/DEBUG/urllib3.connectionpool: http://example.com:80 "GET / HTTP/1.1" 200 606
[2019-09-02 17:49:03,688] liutao/DEBUG/urllib3.connectionpool: http://example.com:80 "GET / HTTP/1.1" 200 606
[2019-09-02 17:49:04,199] liutao/DEBUG/urllib3.connectionpool: http://example.com:80 "GET /profile HTTP/1.1" 404 606
[2019-09-02 17:49:04,339] liutao/DEBUG/urllib3.connectionpool: http://example.com:80 "GET / HTTP/1.1" 200 606
[2019-09-02 17:49:06,609] liutao/DEBUG/urllib3.connectionpool: http://example.com:80 "GET / HTTP/1.1" 200 606
[2019-09-02 17:49:07,999] liutao/DEBUG/urllib3.connectionpool: http://example.com:80 "GET / HTTP/1.1" 200 606
[2019-09-02 17:49:09,831] liutao/DEBUG/urllib3.connectionpool: http://example.com:80 "GET / HTTP/1.1" 200 606
[2019-09-02 17:49:09,982] liutao/DEBUG/urllib3.connectionpool: http://example.com:80 "GET /profile HTTP/1.1" 404 606
[2019-09-02 17:49:10,332] liutao/DEBUG/urllib3.connectionpool: http://example.com:80 "GET /profile HTTP/1.1" 404 606
[2019-09-02 17:49:10,531] liutao/DEBUG/urllib3.connectionpool: http://example.com:80 "GET / HTTP/1.1" 200 606
[2019-09-02 17:49:10,845] liutao/DEBUG/urllib3.connectionpool: http://example.com:80 "GET / HTTP/1.1" 200 606
[2019-09-02 17:49:11,035] liutao/DEBUG/urllib3.connectionpool: http://example.com:80 "GET /profile HTTP/1.1" 404 606
[2019-09-02 17:49:11,111] liutao/DEBUG/urllib3.connectionpool: http://example.com:80 "GET / HTTP/1.1" 200 606
[2019-09-02 17:49:12,528] liutao/DEBUG/urllib3.connectionpool: http://example.com:80 "GET / HTTP/1.1" 200 606
[2019-09-02 17:49:15,281] liutao/DEBUG/urllib3.connectionpool: http://example.com:80 "GET / HTTP/1.1" 200 606
[2019-09-02 17:49:15,696] liutao/DEBUG/urllib3.connectionpool: http://example.com:80 "GET / HTTP/1.1" 200 606
[2019-09-02 17:49:16,366] liutao/DEBUG/urllib3.connectionpool: http://example.com:80 "GET / HTTP/1.1" 200 606
[2019-09-02 17:49:16,444] liutao/DEBUG/urllib3.connectionpool: http://example.com:80 "GET / HTTP/1.1" 200 606
[2019-09-02 17:49:16,602] liutao/DEBUG/urllib3.connectionpool: http://example.com:80 "GET / HTTP/1.1" 200 606
[2019-09-02 17:49:16,745] liutao/DEBUG/urllib3.connectionpool: http://example.com:80 "GET / HTTP/1.1" 200 606
[2019-09-02 17:49:16,957] liutao/DEBUG/urllib3.connectionpool: http://example.com:80 "GET / HTTP/1.1" 200 606
[2019-09-02 17:49:18,087] liutao/DEBUG/urllib3.connectionpool: http://example.com:80 "GET / HTTP/1.1" 200 606
[2019-09-02 17:49:18,957] liutao/DEBUG/urllib3.connectionpool: http://example.com:80 "GET / HTTP/1.1" 200 606
[2019-09-02 17:49:19,927] liutao/DEBUG/urllib3.connectionpool: http://example.com:80 "GET / HTTP/1.1" 200 606
[2019-09-02 17:49:22,056] liutao/DEBUG/urllib3.connectionpool: http://example.com:80 "GET /profile HTTP/1.1" 404 606
[2019-09-02 17:49:22,379] liutao/DEBUG/urllib3.connectionpool: http://example.com:80 "GET / HTTP/1.1" 200 606
[2019-09-02 17:49:23,434] liutao/DEBUG/urllib3.connectionpool: http://example.com:80 "GET / HTTP/1.1" 200 606
[2019-09-02 17:49:23,742] liutao/DEBUG/urllib3.connectionpool: http://example.com:80 "GET /profile HTTP/1.1" 404 606
[2019-09-02 17:49:24,646] liutao/DEBUG/urllib3.connectionpool: http://example.com:80 "GET /profile HTTP/1.1" 404 606
[2019-09-02 17:49:24,758] liutao/DEBUG/urllib3.connectionpool: http://example.com:80 "GET / HTTP/1.1" 200 606
[2019-09-02 17:49:25,210] liutao/DEBUG/urllib3.connectionpool: http://example.com:80 "GET / HTTP/1.1" 200 606
[2019-09-02 17:49:25,851] liutao/DEBUG/urllib3.connectionpool: http://example.com:80 "GET /profile HTTP/1.1" 404 606
[2019-09-02 17:49:27,437] liutao/DEBUG/urllib3.connectionpool: http://example.com:80 "GET / HTTP/1.1" 200 606
[2019-09-02 17:49:27,464] liutao/DEBUG/urllib3.connectionpool: http://example.com:80 "GET / HTTP/1.1" 200 606
[2019-09-02 17:49:27,632] liutao/DEBUG/urllib3.connectionpool: http://example.com:80 "GET / HTTP/1.1" 200 606
[2019-09-02 17:49:29,450] liutao/DEBUG/urllib3.connectionpool: http://example.com:80 "GET / HTTP/1.1" 200 606
[2019-09-02 17:49:30,507] liutao/DEBUG/urllib3.connectionpool: http://example.com:80 "GET /profile HTTP/1.1" 404 606
[2019-09-02 17:49:30,651] liutao/DEBUG/urllib3.connectionpool: http://example.com:80 "GET /profile HTTP/1.1" 404 606
[2019-09-02 17:49:30,818] liutao/DEBUG/urllib3.connectionpool: http://example.com:80 "GET / HTTP/1.1" 200 606
[2019-09-02 17:49:32,785] liutao/DEBUG/urllib3.connectionpool: http://example.com:80 "GET / HTTP/1.1" 200 606
[2019-09-02 17:49:33,281] liutao/DEBUG/urllib3.connectionpool: http://example.com:80 "GET /profile HTTP/1.1" 404 606
[2019-09-02 17:49:33,319] liutao/DEBUG/urllib3.connectionpool: http://example.com:80 "GET /profile HTTP/1.1" 404 606
[2019-09-02 17:49:34,210] liutao/DEBUG/urllib3.connectionpool: http://example.com:80 "GET /profile HTTP/1.1" 404 606
[2019-09-02 17:49:34,890] liutao/DEBUG/urllib3.connectionpool: http://example.com:80 "GET / HTTP/1.1" 200 606
[2019-09-02 17:49:34,982] liutao/DEBUG/urllib3.connectionpool: http://example.com:80 "GET / HTTP/1.1" 200 606
[2019-09-02 17:49:37,417] liutao/DEBUG/urllib3.connectionpool: http://example.com:80 "GET / HTTP/1.1" 200 606
[2019-09-02 17:49:38,057] liutao/DEBUG/urllib3.connectionpool: http://example.com:80 "GET / HTTP/1.1" 200 606
[2019-09-02 17:49:38,323] liutao/DEBUG/urllib3.connectionpool: http://example.com:80 "GET / HTTP/1.1" 200 606
[2019-09-02 17:49:38,667] liutao/DEBUG/urllib3.connectionpool: http://example.com:80 "GET / HTTP/1.1" 200 606
[2019-09-02 17:49:39,204] liutao/DEBUG/urllib3.connectionpool: http://example.com:80 "GET / HTTP/1.1" 200 606
[2019-09-02 17:49:39,425] liutao/DEBUG/urllib3.connectionpool: http://example.com:80 "GET / HTTP/1.1" 200 606
[2019-09-02 17:49:39,786] liutao/DEBUG/urllib3.connectionpool: http://example.com:80 "GET / HTTP/1.1" 200 606
[2019-09-02 17:49:41,863] liutao/DEBUG/urllib3.connectionpool: http://example.com:80 "GET / HTTP/1.1" 200 606
[2019-09-02 17:49:41,872] liutao/DEBUG/urllib3.connectionpool: http://example.com:80 "GET / HTTP/1.1" 200 606
[2019-09-02 17:49:43,390] liutao/DEBUG/urllib3.connectionpool: http://example.com:80 "GET /profile HTTP/1.1" 404 606
[2019-09-02 17:49:43,549] liutao/DEBUG/urllib3.connectionpool: http://example.com:80 "GET / HTTP/1.1" 200 606
[2019-09-02 17:49:44,375] liutao/DEBUG/urllib3.connectionpool: http://example.com:80 "GET /profile HTTP/1.1" 404 606
[2019-09-02 17:49:45,054] liutao/DEBUG/urllib3.connectionpool: http://example.com:80 "GET /profile HTTP/1.1" 404 606
[2019-09-02 17:49:45,455] liutao/DEBUG/urllib3.connectionpool: http://example.com:80 "GET /profile HTTP/1.1" 404 606
[2019-09-02 17:49:45,717] liutao/DEBUG/urllib3.connectionpool: http://example.com:80 "GET /profile HTTP/1.1" 404 606
[2019-09-02 17:49:46,932] liutao/DEBUG/urllib3.connectionpool: http://example.com:80 "GET /profile HTTP/1.1" 404 606
[2019-09-02 17:49:47,436] liutao/DEBUG/urllib3.connectionpool: http://example.com:80 "GET / HTTP/1.1" 200 606
[2019-09-02 17:49:48,351] liutao/DEBUG/urllib3.connectionpool: http://example.com:80 "GET / HTTP/1.1" 200 606
[2019-09-02 17:49:49,128] liutao/DEBUG/urllib3.connectionpool: http://example.com:80 "GET / HTTP/1.1" 200 606
[2019-09-02 17:49:49,140] liutao/DEBUG/urllib3.connectionpool: http://example.com:80 "GET / HTTP/1.1" 200 606
[2019-09-02 17:49:50,574] liutao/DEBUG/urllib3.connectionpool: http://example.com:80 "GET / HTTP/1.1" 200 606
[2019-09-02 17:49:51,211] liutao/DEBUG/urllib3.connectionpool: http://example.com:80 "GET / HTTP/1.1" 200 606
[2019-09-02 17:49:52,952] liutao/DEBUG/urllib3.connectionpool: http://example.com:80 "GET / HTTP/1.1" 200 606
[2019-09-02 17:49:53,316] liutao/DEBUG/urllib3.connectionpool: http://example.com:80 "GET / HTTP/1.1" 200 606
[2019-09-02 17:49:53,735] liutao/DEBUG/urllib3.connectionpool: http://example.com:80 "GET / HTTP/1.1" 200 606
[2019-09-02 17:49:53,847] liutao/DEBUG/urllib3.connectionpool: http://example.com:80 "GET / HTTP/1.1" 200 606
[2019-09-02 17:49:55,284] liutao/DEBUG/urllib3.connectionpool: http://example.com:80 "GET /profile HTTP/1.1" 404 606
[2019-09-02 17:49:55,445] liutao/DEBUG/urllib3.connectionpool: http://example.com:80 "GET / HTTP/1.1" 200 606
[2019-09-02 17:49:55,921] liutao/DEBUG/urllib3.connectionpool: http://example.com:80 "GET / HTTP/1.1" 200 606
[2019-09-02 17:49:56,340] liutao/DEBUG/urllib3.connectionpool: http://example.com:80 "GET / HTTP/1.1" 200 606
[2019-09-02 17:49:57,263] liutao/DEBUG/urllib3.connectionpool: http://example.com:80 "GET / HTTP/1.1" 200 606
[2019-09-02 17:49:58,821] liutao/DEBUG/urllib3.connectionpool: http://example.com:80 "GET / HTTP/1.1" 200 606
[2019-09-02 17:49:59,037] liutao/DEBUG/urllib3.connectionpool: http://example.com:80 "GET / HTTP/1.1" 200 606
[2019-09-02 17:49:59,042] liutao/DEBUG/urllib3.connectionpool: http://example.com:80 "GET /profile HTTP/1.1" 404 606
[2019-09-02 17:49:59,916] liutao/DEBUG/urllib3.connectionpool: http://example.com:80 "GET / HTTP/1.1" 200 606
[2019-09-02 17:50:00,348] liutao/DEBUG/urllib3.connectionpool: http://example.com:80 "GET /profile HTTP/1.1" 404 606
[2019-09-02 17:50:01,388] liutao/DEBUG/urllib3.connectionpool: http://example.com:80 "GET /profile HTTP/1.1" 404 606
[2019-09-02 17:50:03,659] liutao/DEBUG/urllib3.connectionpool: http://example.com:80 "GET /profile HTTP/1.1" 404 606
[2019-09-02 17:50:03,920] liutao/DEBUG/urllib3.connectionpool: http://example.com:80 "GET /profile HTTP/1.1" 404 606
[2019-09-02 17:50:04,229] liutao/DEBUG/urllib3.connectionpool: http://example.com:80 "GET / HTTP/1.1" 200 606
[2019-09-02 17:50:04,373] liutao/DEBUG/urllib3.connectionpool: http://example.com:80 "GET /profile HTTP/1.1" 404 606
[2019-09-02 17:50:06,067] liutao/DEBUG/urllib3.connectionpool: http://example.com:80 "GET / HTTP/1.1" 200 606
[2019-09-02 17:50:06,358] liutao/DEBUG/urllib3.connectionpool: http://example.com:80 "GET / HTTP/1.1" 200 606
[2019-09-02 17:50:06,504] liutao/DEBUG/urllib3.connectionpool: http://example.com:80 "GET / HTTP/1.1" 200 606
[2019-09-02 17:50:06,754] liutao/DEBUG/urllib3.connectionpool: http://example.com:80 "GET /profile HTTP/1.1" 404 606
[2019-09-02 17:50:07,402] liutao/DEBUG/urllib3.connectionpool: http://example.com:80 "GET / HTTP/1.1" 200 606
[2019-09-02 17:50:08,013] liutao/DEBUG/urllib3.connectionpool: http://example.com:80 "GET / HTTP/1.1" 200 606
[2019-09-02 17:50:09,403] liutao/DEBUG/urllib3.connectionpool: http://example.com:80 "GET / HTTP/1.1" 200 606
[2019-09-02 17:50:10,493] liutao/DEBUG/urllib3.connectionpool: http://example.com:80 "GET /profile HTTP/1.1" 404 606
[2019-09-02 17:50:11,449] liutao/DEBUG/urllib3.connectionpool: http://example.com:80 "GET / HTTP/1.1" 200 606
[2019-09-02 17:50:11,984] liutao/DEBUG/urllib3.connectionpool: http://example.com:80 "GET / HTTP/1.1" 200 606
[2019-09-02 17:50:13,834] liutao/DEBUG/urllib3.connectionpool: http://example.com:80 "GET / HTTP/1.1" 200 606
[2019-09-02 17:50:13,982] liutao/DEBUG/urllib3.connectionpool: http://example.com:80 "GET /profile HTTP/1.1" 404 606
[2019-09-02 17:50:14,066] liutao/DEBUG/urllib3.connectionpool: http://example.com:80 "GET / HTTP/1.1" 200 606
[2019-09-02 17:50:15,332] liutao/DEBUG/urllib3.connectionpool: http://example.com:80 "GET / HTTP/1.1" 200 606
[2019-09-02 17:50:16,193] liutao/DEBUG/urllib3.connectionpool: http://example.com:80 "GET /profile HTTP/1.1" 404 606
[2019-09-02 17:50:16,443] liutao/DEBUG/urllib3.connectionpool: http://example.com:80 "GET /profile HTTP/1.1" 404 606
[2019-09-02 17:50:16,479] liutao/DEBUG/urllib3.connectionpool: http://example.com:80 "GET / HTTP/1.1" 200 606
[2019-09-02 17:50:17,351] liutao/DEBUG/urllib3.connectionpool: http://example.com:80 "GET / HTTP/1.1" 200 606
[2019-09-02 17:50:19,830] liutao/DEBUG/urllib3.connectionpool: http://example.com:80 "GET /profile HTTP/1.1" 404 606
[2019-09-02 17:50:20,047] liutao/DEBUG/urllib3.connectionpool: http://example.com:80 "GET /profile HTTP/1.1" 404 606
[2019-09-02 17:50:20,104] liutao/DEBUG/urllib3.connectionpool: http://example.com:80 "GET / HTTP/1.1" 200 606
[2019-09-02 17:50:21,622] liutao/DEBUG/urllib3.connectionpool: http://example.com:80 "GET / HTTP/1.1" 200 606
[2019-09-02 17:50:21,928] liutao/DEBUG/urllib3.connectionpool: http://example.com:80 "GET / HTTP/1.1" 200 606
[2019-09-02 17:50:22,074] liutao/DEBUG/urllib3.connectionpool: http://example.com:80 "GET /profile HTTP/1.1" 404 606
[2019-09-02 17:50:23,003] liutao/DEBUG/urllib3.connectionpool: http://example.com:80 "GET / HTTP/1.1" 200 606
[2019-09-02 17:50:23,037] liutao/DEBUG/urllib3.connectionpool: http://example.com:80 "GET /profile HTTP/1.1" 404 606
[2019-09-02 17:50:23,427] liutao/DEBUG/urllib3.connectionpool: http://example.com:80 "GET / HTTP/1.1" 200 606
[2019-09-02 17:50:25,397] liutao/DEBUG/urllib3.connectionpool: http://example.com:80 "GET / HTTP/1.1" 200 606
[2019-09-02 17:50:27,201] liutao/DEBUG/urllib3.connectionpool: http://example.com:80 "GET / HTTP/1.1" 200 606
[2019-09-02 17:50:27,944] liutao/DEBUG/urllib3.connectionpool: http://example.com:80 "GET / HTTP/1.1" 200 606
[2019-09-02 17:50:28,010] liutao/DEBUG/urllib3.connectionpool: http://example.com:80 "GET / HTTP/1.1" 200 606
[2019-09-02 17:50:28,086] liutao/DEBUG/urllib3.connectionpool: http://example.com:80 "GET /profile HTTP/1.1" 404 606
[2019-09-02 17:50:28,544] liutao/DEBUG/urllib3.connectionpool: http://example.com:80 "GET /profile HTTP/1.1" 404 606
[2019-09-02 17:50:29,434] liutao/DEBUG/urllib3.connectionpool: http://example.com:80 "GET / HTTP/1.1" 200 606
[2019-09-02 17:50:30,055] liutao/DEBUG/urllib3.connectionpool: http://example.com:80 "GET /profile HTTP/1.1" 404 606
[2019-09-02 17:50:30,392] liutao/DEBUG/urllib3.connectionpool: http://example.com:80 "GET / HTTP/1.1" 200 606
[2019-09-02 17:50:30,427] liutao/DEBUG/urllib3.connectionpool: http://example.com:80 "GET /profile HTTP/1.1" 404 606
[2019-09-02 17:50:32,632] liutao/DEBUG/urllib3.connectionpool: http://example.com:80 "GET / HTTP/1.1" 200 606
[2019-09-02 17:50:33,495] liutao/DEBUG/urllib3.connectionpool: http://example.com:80 "GET / HTTP/1.1" 200 606
[2019-09-02 17:50:33,609] liutao/DEBUG/urllib3.connectionpool: http://example.com:80 "GET /profile HTTP/1.1" 404 606
[2019-09-02 17:50:34,649] liutao/DEBUG/urllib3.connectionpool: http://example.com:80 "GET /profile HTTP/1.1" 404 606
[2019-09-02 17:50:34,959] liutao/DEBUG/urllib3.connectionpool: http://example.com:80 "GET /profile HTTP/1.1" 404 606
[2019-09-02 17:50:35,864] liutao/DEBUG/urllib3.connectionpool: http://example.com:80 "GET / HTTP/1.1" 200 606
[2019-09-02 17:50:37,126] liutao/DEBUG/urllib3.connectionpool: http://example.com:80 "GET / HTTP/1.1" 200 606
[2019-09-02 17:50:37,185] liutao/DEBUG/urllib3.connectionpool: http://example.com:80 "GET / HTTP/1.1" 200 606
[2019-09-02 17:50:37,329] liutao/DEBUG/urllib3.connectionpool: http://example.com:80 "GET / HTTP/1.1" 200 606
[2019-09-02 17:50:38,700] liutao/DEBUG/urllib3.connectionpool: http://example.com:80 "GET / HTTP/1.1" 200 606
[2019-09-02 17:50:38,710] liutao/DEBUG/urllib3.connectionpool: http://example.com:80 "GET /profile HTTP/1.1" 404 606
[2019-09-02 17:50:39,813] liutao/DEBUG/urllib3.connectionpool: http://example.com:80 "GET /profile HTTP/1.1" 404 606
[2019-09-02 17:50:40,488] liutao/DEBUG/urllib3.connectionpool: http://example.com:80 "GET /profile HTTP/1.1" 404 606
[2019-09-02 17:50:40,591] liutao/DEBUG/urllib3.connectionpool: http://example.com:80 "GET / HTTP/1.1" 200 606
[2019-09-02 17:50:42,023] liutao/DEBUG/urllib3.connectionpool: http://example.com:80 "GET / HTTP/1.1" 200 606
[2019-09-02 17:50:42,438] liutao/DEBUG/urllib3.connectionpool: http://example.com:80 "GET / HTTP/1.1" 200 606
[2019-09-02 17:50:43,669] liutao/DEBUG/urllib3.connectionpool: http://example.com:80 "GET / HTTP/1.1" 200 606
[2019-09-02 17:50:44,636] liutao/DEBUG/urllib3.connectionpool: http://example.com:80 "GET / HTTP/1.1" 200 606
[2019-09-02 17:50:44,991] liutao/DEBUG/urllib3.connectionpool: http://example.com:80 "GET / HTTP/1.1" 200 606
[2019-09-02 17:50:45,819] liutao/DEBUG/urllib3.connectionpool: http://example.com:80 "GET /profile HTTP/1.1" 404 606
[2019-09-02 17:50:46,797] liutao/DEBUG/urllib3.connectionpool: http://example.com:80 "GET / HTTP/1.1" 200 606
[2019-09-02 17:50:47,912] liutao/DEBUG/urllib3.connectionpool: http://example.com:80 "GET / HTTP/1.1" 200 606
[2019-09-02 17:50:48,164] liutao/DEBUG/urllib3.connectionpool: http://example.com:80 "GET / HTTP/1.1" 200 606
[2019-09-02 17:50:48,407] liutao/DEBUG/urllib3.connectionpool: http://example.com:80 "GET / HTTP/1.1" 200 606
[2019-09-02 17:50:49,326] liutao/DEBUG/urllib3.connectionpool: http://example.com:80 "GET / HTTP/1.1" 200 606
[2019-09-02 17:50:49,801] liutao/DEBUG/urllib3.connectionpool: http://example.com:80 "GET / HTTP/1.1" 200 606
[2019-09-02 17:50:50,043] liutao/DEBUG/urllib3.connectionpool: http://example.com:80 "GET / HTTP/1.1" 200 606
[2019-09-02 17:50:50,542] liutao/DEBUG/urllib3.connectionpool: http://example.com:80 "GET /profile HTTP/1.1" 404 606
[2019-09-02 17:50:52,447] liutao/DEBUG/urllib3.connectionpool: http://example.com:80 "GET / HTTP/1.1" 200 606
[2019-09-02 17:50:52,917] liutao/DEBUG/urllib3.connectionpool: http://example.com:80 "GET / HTTP/1.1" 200 606
[2019-09-02 17:50:53,826] liutao/DEBUG/urllib3.connectionpool: http://example.com:80 "GET /profile HTTP/1.1" 404 606
[2019-09-02 17:50:54,838] liutao/DEBUG/urllib3.connectionpool: http://example.com:80 "GET /profile HTTP/1.1" 404 606
[2019-09-02 17:50:55,194] liutao/DEBUG/urllib3.connectionpool: http://example.com:80 "GET / HTTP/1.1" 200 606
[2019-09-02 17:50:55,501] liutao/DEBUG/urllib3.connectionpool: http://example.com:80 "GET / HTTP/1.1" 200 606
[2019-09-02 17:50:55,575] liutao/DEBUG/urllib3.connectionpool: http://example.com:80 "GET / HTTP/1.1" 200 606
[2019-09-02 17:50:57,816] liutao/DEBUG/urllib3.connectionpool: http://example.com:80 "GET /profile HTTP/1.1" 404 606
[2019-09-02 17:50:58,230] liutao/DEBUG/urllib3.connectionpool: http://example.com:80 "GET / HTTP/1.1" 200 606
[2019-09-02 17:50:58,649] liutao/DEBUG/urllib3.connectionpool: http://example.com:80 "GET / HTTP/1.1" 200 606
[2019-09-02 17:50:59,047] liutao/DEBUG/urllib3.connectionpool: http://example.com:80 "GET /profile HTTP/1.1" 404 606
[2019-09-02 17:51:00,137] liutao/DEBUG/urllib3.connectionpool: http://example.com:80 "GET / HTTP/1.1" 200 606
[2019-09-02 17:51:00,156] liutao/DEBUG/urllib3.connectionpool: http://example.com:80 "GET / HTTP/1.1" 200 606
[2019-09-02 17:51:00,828] liutao/DEBUG/urllib3.connectionpool: http://example.com:80 "GET / HTTP/1.1" 200 606
[2019-09-02 17:51:01,127] liutao/DEBUG/urllib3.connectionpool: http://example.com:80 "GET / HTTP/1.1" 200 606
[2019-09-02 17:51:01,756] liutao/DEBUG/urllib3.connectionpool: http://example.com:80 "GET /profile HTTP/1.1" 404 606
[2019-09-02 17:51:02,845] liutao/DEBUG/urllib3.connectionpool: http://example.com:80 "GET / HTTP/1.1" 200 606
[2019-09-02 17:51:03,881] liutao/DEBUG/urllib3.connectionpool: http://example.com:80 "GET / HTTP/1.1" 200 606
[2019-09-02 17:51:03,903] liutao/DEBUG/urllib3.connectionpool: http://example.com:80 "GET /profile HTTP/1.1" 404 606
[2019-09-02 17:51:05,662] liutao/DEBUG/urllib3.connectionpool: http://example.com:80 "GET /profile HTTP/1.1" 404 606
[2019-09-02 17:51:05,695] liutao/DEBUG/urllib3.connectionpool: http://example.com:80 "GET / HTTP/1.1" 200 606
[2019-09-02 17:51:06,707] liutao/DEBUG/urllib3.connectionpool: http://example.com:80 "GET /profile HTTP/1.1" 404 606
[2019-09-02 17:51:07,184] liutao/DEBUG/urllib3.connectionpool: http://example.com:80 "GET / HTTP/1.1" 200 606
[2019-09-02 17:51:08,326] liutao/DEBUG/urllib3.connectionpool: http://example.com:80 "GET /profile HTTP/1.1" 404 606
[2019-09-02 17:51:09,341] liutao/DEBUG/urllib3.connectionpool: http://example.com:80 "GET / HTTP/1.1" 200 606
[2019-09-02 17:51:09,753] liutao/DEBUG/urllib3.connectionpool: http://example.com:80 "GET / HTTP/1.1" 200 606
[2019-09-02 17:51:11,366] liutao/DEBUG/urllib3.connectionpool: http://example.com:80 "GET / HTTP/1.1" 200 606
[2019-09-02 17:51:11,373] liutao/DEBUG/urllib3.connectionpool: http://example.com:80 "GET / HTTP/1.1" 200 606
[2019-09-02 17:51:12,009] liutao/DEBUG/urllib3.connectionpool: http://example.com:80 "GET / HTTP/1.1" 200 606
[2019-09-02 17:51:12,112] liutao/DEBUG/urllib3.connectionpool: http://example.com:80 "GET / HTTP/1.1" 200 606
[2019-09-02 17:51:12,597] liutao/DEBUG/urllib3.connectionpool: http://example.com:80 "GET / HTTP/1.1" 200 606
[2019-09-02 17:51:12,663] liutao/DEBUG/urllib3.connectionpool: http://example.com:80 "GET / HTTP/1.1" 200 606
[2019-09-02 17:51:13,658] liutao/DEBUG/urllib3.connectionpool: http://example.com:80 "GET /profile HTTP/1.1" 404 606
[2019-09-02 17:51:14,792] liutao/DEBUG/urllib3.connectionpool: http://example.com:80 "GET / HTTP/1.1" 200 606
[2019-09-02 17:51:16,169] liutao/DEBUG/urllib3.connectionpool: http://example.com:80 "GET / HTTP/1.1" 200 606
[2019-09-02 17:51:16,998] liutao/DEBUG/urllib3.connectionpool: http://example.com:80 "GET /profile HTTP/1.1" 404 606
[2019-09-02 17:51:18,039] liutao/DEBUG/urllib3.connectionpool: http://example.com:80 "GET / HTTP/1.1" 200 606
[2019-09-02 17:51:19,068] liutao/DEBUG/urllib3.connectionpool: http://example.com:80 "GET / HTTP/1.1" 200 606
[2019-09-02 17:51:19,157] liutao/DEBUG/urllib3.connectionpool: http://example.com:80 "GET / HTTP/1.1" 200 606
[2019-09-02 17:51:19,290] liutao/DEBUG/urllib3.connectionpool: http://example.com:80 "GET / HTTP/1.1" 200 606
